<?xml version="1.0" encoding="UTF-8"?>
<!-- Generated by org.testng.reporters.JUnitReportReporter -->
<testsuite hostname="LAPTOP-NADE445V" failures="0" tests="1" name="com.axiata.automationtest.RunTest" time="34.639" errors="0" timestamp="2022-02-03T20:49:33 WIB" skipped="0">
  <testcase classname="com.axiata.automationtest.RunTest" name="runScenario" time="34.639"/>
  <system-out/>
</testsuite> <!-- com.axiata.automationtest.RunTest -->
